# JRE version: OpenJDK Runtime Environment (8.0_252-b09) (build 1.8.0_252-8u252-b09-1~16.04-b09)
# Java VM: OpenJDK 64-Bit Server VM (25.252-b09 mixed mode linux-amd64 compressed oops)
Heap:
 PSYoungGen      total 438784K, used 0K [0x00000000e0000000, 0x0000000100000000, 0x0000000100000000)
  eden space 382464K, 0% used [0x00000000e0000000,0x00000000e0000000,0x00000000f7580000)
  from space 56320K, 0% used [0x00000000f7580000,0x00000000f7580000,0x00000000fac80000)
  to   space 85504K, 0% used [0x00000000fac80000,0x00000000fac80000,0x0000000100000000)
 ParOldGen       total 250368K, used 220917K [0x00000000a0000000, 0x00000000af480000, 0x00000000e0000000)
  object space 250368K, 88% used [0x00000000a0000000,0x00000000ad7bd748,0x00000000af480000)
 Metaspace       used 93922K, capacity 97826K, committed 98496K, reserved 1134592K
  class space    used 12257K, capacity 13098K, committed 13272K, reserved 1048576K
GC Heap History (10 events):
Event: 272.688 GC heap after
Heap after GC invocations=14 (full 3):
 PSYoungGen      total 359424K, used 34301K [0x00000000e0000000, 0x00000000fb700000, 0x0000000100000000)
  eden space 325120K, 0% used [0x00000000e0000000,0x00000000e0000000,0x00000000f3d80000)
  from space 34304K, 99% used [0x00000000f3d80000,0x00000000f5eff458,0x00000000f5f00000)
  to   space 44032K, 0% used [0x00000000f8c00000,0x00000000f8c00000,0x00000000fb700000)
 ParOldGen       total 250368K, used 63253K [0x00000000a0000000, 0x00000000af480000, 0x00000000e0000000)
  object space 250368K, 25% used [0x00000000a0000000,0x00000000a3dc55f8,0x00000000af480000)
 Metaspace       used 80654K, capacity 84550K, committed 84696K, reserved 1122304K
  class space    used 10765K, capacity 11613K, committed 11736K, reserved 1048576K
}
Event: 288.665 GC heap before
{Heap before GC invocations=15 (full 3):
 PSYoungGen      total 359424K, used 359421K [0x00000000e0000000, 0x00000000fb700000, 0x0000000100000000)
  eden space 325120K, 100% used [0x00000000e0000000,0x00000000f3d80000,0x00000000f3d80000)
  from space 34304K, 99% used [0x00000000f3d80000,0x00000000f5eff458,0x00000000f5f00000)
  to   space 44032K, 0% used [0x00000000f8c00000,0x00000000f8c00000,0x00000000fb700000)
 ParOldGen       total 250368K, used 63253K [0x00000000a0000000, 0x00000000af480000, 0x00000000e0000000)
  object space 250368K, 25% used [0x00000000a0000000,0x00000000a3dc55f8,0x00000000af480000)
 Metaspace       used 83882K, capacity 87846K, committed 88024K, reserved 1126400K
  class space    used 11131K, capacity 11958K, committed 11992K, reserved 1048576K
Event: 288.720 GC heap after
Heap after GC invocations=15 (full 3):
 PSYoungGen      total 393216K, used 23416K [0x00000000e0000000, 0x00000000fb000000, 0x0000000100000000)
  eden space 356352K, 0% used [0x00000000e0000000,0x00000000e0000000,0x00000000f5c00000)
  from space 36864K, 63% used [0x00000000f8c00000,0x00000000fa2de028,0x00000000fb000000)
  to   space 43008K, 0% used [0x00000000f5c00000,0x00000000f5c00000,0x00000000f8600000)
 ParOldGen       total 250368K, used 84706K [0x00000000a0000000, 0x00000000af480000, 0x00000000e0000000)
  object space 250368K, 33% used [0x00000000a0000000,0x00000000a52b8858,0x00000000af480000)
 Metaspace       used 83882K, capacity 87846K, committed 88024K, reserved 1126400K
  class space    used 11131K, capacity 11958K, committed 11992K, reserved 1048576K
}
Event: 289.966 GC heap before
{Heap before GC invocations=16 (full 3):
 PSYoungGen      total 393216K, used 379768K [0x00000000e0000000, 0x00000000fb000000, 0x0000000100000000)
  eden space 356352K, 100% used [0x00000000e0000000,0x00000000f5c00000,0x00000000f5c00000)
  from space 36864K, 63% used [0x00000000f8c00000,0x00000000fa2de028,0x00000000fb000000)
  to   space 43008K, 0% used [0x00000000f5c00000,0x00000000f5c00000,0x00000000f8600000)
 ParOldGen       total 250368K, used 84706K [0x00000000a0000000, 0x00000000af480000, 0x00000000e0000000)
  object space 250368K, 33% used [0x00000000a0000000,0x00000000a52b8858,0x00000000af480000)
 Metaspace       used 85176K, capacity 89246K, committed 89560K, reserved 1126400K
  class space    used 11265K, capacity 12124K, committed 12248K, reserved 1048576K
Event: 289.983 GC heap after
Heap after GC invocations=16 (full 3):
 PSYoungGen      total 399360K, used 31864K [0x00000000e0000000, 0x00000000fd880000, 0x0000000100000000)
  eden space 356352K, 0% used [0x00000000e0000000,0x00000000e0000000,0x00000000f5c00000)
  from space 43008K, 74% used [0x00000000f5c00000,0x00000000f7b1e2e8,0x00000000f8600000)
  to   space 45056K, 0% used [0x00000000fac80000,0x00000000fac80000,0x00000000fd880000)
 ParOldGen       total 250368K, used 84714K [0x00000000a0000000, 0x00000000af480000, 0x00000000e0000000)
  object space 250368K, 33% used [0x00000000a0000000,0x00000000a52ba858,0x00000000af480000)
 Metaspace       used 85176K, capacity 89246K, committed 89560K, reserved 1126400K
  class space    used 11265K, capacity 12124K, committed 12248K, reserved 1048576K
}
Event: 293.004 GC heap before
{Heap before GC invocations=17 (full 3):
 PSYoungGen      total 399360K, used 388216K [0x00000000e0000000, 0x00000000fd880000, 0x0000000100000000)
  eden space 356352K, 100% used [0x00000000e0000000,0x00000000f5c00000,0x00000000f5c00000)
  from space 43008K, 74% used [0x00000000f5c00000,0x00000000f7b1e2e8,0x00000000f8600000)
  to   space 45056K, 0% used [0x00000000fac80000,0x00000000fac80000,0x00000000fd880000)
 ParOldGen       total 250368K, used 84714K [0x00000000a0000000, 0x00000000af480000, 0x00000000e0000000)
  object space 250368K, 33% used [0x00000000a0000000,0x00000000a52ba858,0x00000000af480000)
 Metaspace       used 92681K, capacity 96886K, committed 97112K, reserved 1132544K
  class space    used 12215K, capacity 13079K, committed 13144K, reserved 1048576K
Event: 293.061 GC heap after
Heap after GC invocations=17 (full 3):
 PSYoungGen      total 427520K, used 45052K [0x00000000e0000000, 0x00000000ff500000, 0x0000000100000000)
  eden space 382464K, 0% used [0x00000000e0000000,0x00000000e0000000,0x00000000f7580000)
  from space 45056K, 99% used [0x00000000fac80000,0x00000000fd87f0f8,0x00000000fd880000)
  to   space 56320K, 0% used [0x00000000f7580000,0x00000000f7580000,0x00000000fac80000)
 ParOldGen       total 250368K, used 97400K [0x00000000a0000000, 0x00000000af480000, 0x00000000e0000000)
  object space 250368K, 38% used [0x00000000a0000000,0x00000000a5f1e3b0,0x00000000af480000)
 Metaspace       used 92681K, capacity 96886K, committed 97112K, reserved 1132544K
  class space    used 12215K, capacity 13079K, committed 13144K, reserved 1048576K
}
Event: 294.190 GC heap before
{Heap before GC invocations=18 (full 3):
 PSYoungGen      total 427520K, used 367963K [0x00000000e0000000, 0x00000000ff500000, 0x0000000100000000)
  eden space 382464K, 84% used [0x00000000e0000000,0x00000000f3b57e78,0x00000000f7580000)
  from space 45056K, 99% used [0x00000000fac80000,0x00000000fd87f0f8,0x00000000fd880000)
  to   space 56320K, 0% used [0x00000000f7580000,0x00000000f7580000,0x00000000fac80000)
 ParOldGen       total 250368K, used 97400K [0x00000000a0000000, 0x00000000af480000, 0x00000000e0000000)
  object space 250368K, 38% used [0x00000000a0000000,0x00000000a5f1e3b0,0x00000000af480000)
 Metaspace       used 94089K, capacity 98264K, committed 98496K, reserved 1134592K
  class space    used 12301K, capacity 13177K, committed 13272K, reserved 1048576K
Event: 294.314 GC heap after
Heap after GC invocations=18 (full 3):
 PSYoungGen      total 438784K, used 56298K [0x00000000e0000000, 0x0000000100000000, 0x0000000100000000)
  eden space 382464K, 0% used [0x00000000e0000000,0x00000000e0000000,0x00000000f7580000)
  from space 56320K, 99% used [0x00000000f7580000,0x00000000fac7a860,0x00000000fac80000)
  to   space 85504K, 0% used [0x00000000fac80000,0x00000000fac80000,0x0000000100000000)
 ParOldGen       total 250368K, used 200837K [0x00000000a0000000, 0x00000000af480000, 0x00000000e0000000)
  object space 250368K, 80% used [0x00000000a0000000,0x00000000ac4215e8,0x00000000af480000)
 Metaspace       used 94089K, capacity 98264K, committed 98496K, reserved 1134592K
  class space    used 12301K, capacity 13177K, committed 13272K, reserved 1048576K
}
Event: 294.314 GC heap before
{Heap before GC invocations=19 (full 4):
 PSYoungGen      total 438784K, used 56298K [0x00000000e0000000, 0x0000000100000000, 0x0000000100000000)
  eden space 382464K, 0% used [0x00000000e0000000,0x00000000e0000000,0x00000000f7580000)
  from space 56320K, 99% used [0x00000000f7580000,0x00000000fac7a860,0x00000000fac80000)
  to   space 85504K, 0% used [0x00000000fac80000,0x00000000fac80000,0x0000000100000000)
 ParOldGen       total 250368K, used 200837K [0x00000000a0000000, 0x00000000af480000, 0x00000000e0000000)
  object space 250368K, 80% used [0x00000000a0000000,0x00000000ac4215e8,0x00000000af480000)
 Metaspace       used 94089K, capacity 98264K, committed 98496K, reserved 1134592K
  class space    used 12301K, capacity 13177K, committed 13272K, reserved 1048576K

