# JRE version: OpenJDK Runtime Environment (8.0_252-b09) (build 1.8.0_252-8u252-b09-1~16.04-b09)
# Java VM: OpenJDK 64-Bit Server VM (25.252-b09 mixed mode linux-amd64 compressed oops)
Heap:
 PSYoungGen      total 494592K, used 27028K [0x00000000e0000000, 0x0000000100000000, 0x0000000100000000)
  eden space 464896K, 0% used [0x00000000e0000000,0x00000000e0000000,0x00000000fc600000)
  from space 29696K, 91% used [0x00000000fc600000,0x00000000fe065390,0x00000000fe300000)
  to   space 29696K, 0% used [0x00000000fe300000,0x00000000fe300000,0x0000000100000000)
 ParOldGen       total 224256K, used 224234K [0x00000000a0000000, 0x00000000adb00000, 0x00000000e0000000)
  object space 224256K, 99% used [0x00000000a0000000,0x00000000adafaa78,0x00000000adb00000)
 Metaspace       used 84267K, capacity 87090K, committed 87768K, reserved 1124352K
  class space    used 11196K, capacity 11901K, committed 11992K, reserved 1048576K
GC Heap History (10 events):
Event: 6.143 GC heap after
Heap after GC invocations=12 (full 3):
 PSYoungGen      total 301568K, used 0K [0x00000000e0000000, 0x00000000fc900000, 0x0000000100000000)
  eden space 274944K, 0% used [0x00000000e0000000,0x00000000e0000000,0x00000000f0c80000)
  from space 26624K, 0% used [0x00000000f0c80000,0x00000000f0c80000,0x00000000f2680000)
  to   space 27648K, 0% used [0x00000000fae00000,0x00000000fae00000,0x00000000fc900000)
 ParOldGen       total 207872K, used 39109K [0x00000000a0000000, 0x00000000acb00000, 0x00000000e0000000)
  object space 207872K, 18% used [0x00000000a0000000,0x00000000a2631468,0x00000000acb00000)
 Metaspace       used 57009K, capacity 58912K, committed 59096K, reserved 1099776K
  class space    used 7809K, capacity 8324K, committed 8408K, reserved 1048576K
}
Event: 7.972 GC heap before
{Heap before GC invocations=13 (full 3):
 PSYoungGen      total 301568K, used 274944K [0x00000000e0000000, 0x00000000fc900000, 0x0000000100000000)
  eden space 274944K, 100% used [0x00000000e0000000,0x00000000f0c80000,0x00000000f0c80000)
  from space 26624K, 0% used [0x00000000f0c80000,0x00000000f0c80000,0x00000000f2680000)
  to   space 27648K, 0% used [0x00000000fae00000,0x00000000fae00000,0x00000000fc900000)
 ParOldGen       total 207872K, used 39109K [0x00000000a0000000, 0x00000000acb00000, 0x00000000e0000000)
  object space 207872K, 18% used [0x00000000a0000000,0x00000000a2631468,0x00000000acb00000)
 Metaspace       used 64643K, capacity 67396K, committed 67544K, reserved 1107968K
  class space    used 8919K, capacity 9589K, committed 9688K, reserved 1048576K
Event: 7.989 GC heap after
Heap after GC invocations=13 (full 3):
 PSYoungGen      total 413184K, used 22665K [0x00000000e0000000, 0x00000000fc480000, 0x0000000100000000)
  eden space 390144K, 0% used [0x00000000e0000000,0x00000000e0000000,0x00000000f7d00000)
  from space 23040K, 98% used [0x00000000fae00000,0x00000000fc422418,0x00000000fc480000)
  to   space 29184K, 0% used [0x00000000f8b80000,0x00000000f8b80000,0x00000000fa800000)
 ParOldGen       total 207872K, used 39117K [0x00000000a0000000, 0x00000000acb00000, 0x00000000e0000000)
  object space 207872K, 18% used [0x00000000a0000000,0x00000000a2633468,0x00000000acb00000)
 Metaspace       used 64643K, capacity 67396K, committed 67544K, reserved 1107968K
  class space    used 8919K, capacity 9589K, committed 9688K, reserved 1048576K
}
Event: 9.915 GC heap before
{Heap before GC invocations=14 (full 3):
 PSYoungGen      total 413184K, used 412809K [0x00000000e0000000, 0x00000000fc480000, 0x0000000100000000)
  eden space 390144K, 100% used [0x00000000e0000000,0x00000000f7d00000,0x00000000f7d00000)
  from space 23040K, 98% used [0x00000000fae00000,0x00000000fc422418,0x00000000fc480000)
  to   space 29184K, 0% used [0x00000000f8b80000,0x00000000f8b80000,0x00000000fa800000)
 ParOldGen       total 207872K, used 39117K [0x00000000a0000000, 0x00000000acb00000, 0x00000000e0000000)
  object space 207872K, 18% used [0x00000000a0000000,0x00000000a2633468,0x00000000acb00000)
 Metaspace       used 71726K, capacity 74650K, committed 74712K, reserved 1114112K
  class space    used 9796K, capacity 10445K, committed 10456K, reserved 1048576K
Event: 9.950 GC heap after
Heap after GC invocations=14 (full 3):
 PSYoungGen      total 434176K, used 18945K [0x00000000e0000000, 0x0000000100000000, 0x0000000100000000)
  eden space 404992K, 0% used [0x00000000e0000000,0x00000000e0000000,0x00000000f8b80000)
  from space 29184K, 64% used [0x00000000f8b80000,0x00000000f9e004f0,0x00000000fa800000)
  to   space 29184K, 0% used [0x00000000fe380000,0x00000000fe380000,0x0000000100000000)
 ParOldGen       total 207872K, used 56098K [0x00000000a0000000, 0x00000000acb00000, 0x00000000e0000000)
  object space 207872K, 26% used [0x00000000a0000000,0x00000000a36c8a48,0x00000000acb00000)
 Metaspace       used 71726K, capacity 74650K, committed 74712K, reserved 1114112K
  class space    used 9796K, capacity 10445K, committed 10456K, reserved 1048576K
}
Event: 12.866 GC heap before
{Heap before GC invocations=15 (full 3):
 PSYoungGen      total 434176K, used 423937K [0x00000000e0000000, 0x0000000100000000, 0x0000000100000000)
  eden space 404992K, 100% used [0x00000000e0000000,0x00000000f8b80000,0x00000000f8b80000)
  from space 29184K, 64% used [0x00000000f8b80000,0x00000000f9e004f0,0x00000000fa800000)
  to   space 29184K, 0% used [0x00000000fe380000,0x00000000fe380000,0x0000000100000000)
 ParOldGen       total 207872K, used 56098K [0x00000000a0000000, 0x00000000acb00000, 0x00000000e0000000)
  object space 207872K, 26% used [0x00000000a0000000,0x00000000a36c8a48,0x00000000acb00000)
 Metaspace       used 79195K, capacity 82200K, committed 82392K, reserved 1120256K
  class space    used 10732K, capacity 11441K, committed 11480K, reserved 1048576K
Event: 12.890 GC heap after
Heap after GC invocations=15 (full 3):
 PSYoungGen      total 494080K, used 20286K [0x00000000e0000000, 0x0000000100000000, 0x0000000100000000)
  eden space 464896K, 0% used [0x00000000e0000000,0x00000000e0000000,0x00000000fc600000)
  from space 29184K, 69% used [0x00000000fe380000,0x00000000ff74fb98,0x0000000100000000)
  to   space 29696K, 0% used [0x00000000fc600000,0x00000000fc600000,0x00000000fe300000)
 ParOldGen       total 207872K, used 68777K [0x00000000a0000000, 0x00000000acb00000, 0x00000000e0000000)
  object space 207872K, 33% used [0x00000000a0000000,0x00000000a432a638,0x00000000acb00000)
 Metaspace       used 79195K, capacity 82200K, committed 82392K, reserved 1120256K
  class space    used 10732K, capacity 11441K, committed 11480K, reserved 1048576K
}
Event: 14.754 GC heap before
{Heap before GC invocations=16 (full 3):
 PSYoungGen      total 494080K, used 485182K [0x00000000e0000000, 0x0000000100000000, 0x0000000100000000)
  eden space 464896K, 100% used [0x00000000e0000000,0x00000000fc600000,0x00000000fc600000)
  from space 29184K, 69% used [0x00000000fe380000,0x00000000ff74fb98,0x0000000100000000)
  to   space 29696K, 0% used [0x00000000fc600000,0x00000000fc600000,0x00000000fe300000)
 ParOldGen       total 207872K, used 68777K [0x00000000a0000000, 0x00000000acb00000, 0x00000000e0000000)
  object space 207872K, 33% used [0x00000000a0000000,0x00000000a432a638,0x00000000acb00000)
 Metaspace       used 84380K, capacity 87428K, committed 87768K, reserved 1124352K
  class space    used 11232K, capacity 11964K, committed 11992K, reserved 1048576K
Event: 14.906 GC heap after
Heap after GC invocations=16 (full 3):
 PSYoungGen      total 494592K, used 29693K [0x00000000e0000000, 0x0000000100000000, 0x0000000100000000)
  eden space 464896K, 0% used [0x00000000e0000000,0x00000000e0000000,0x00000000fc600000)
  from space 29696K, 99% used [0x00000000fc600000,0x00000000fe2ff490,0x00000000fe300000)
  to   space 29696K, 0% used [0x00000000fe300000,0x00000000fe300000,0x0000000100000000)
 ParOldGen       total 224256K, used 224011K [0x00000000a0000000, 0x00000000adb00000, 0x00000000e0000000)
  object space 224256K, 99% used [0x00000000a0000000,0x00000000adac2c90,0x00000000adb00000)
 Metaspace       used 84380K, capacity 87428K, committed 87768K, reserved 1124352K
  class space    used 11232K, capacity 11964K, committed 11992K, reserved 1048576K
}
Event: 14.906 GC heap before
{Heap before GC invocations=17 (full 4):
 PSYoungGen      total 494592K, used 29693K [0x00000000e0000000, 0x0000000100000000, 0x0000000100000000)
  eden space 464896K, 0% used [0x00000000e0000000,0x00000000e0000000,0x00000000fc600000)
  from space 29696K, 99% used [0x00000000fc600000,0x00000000fe2ff490,0x00000000fe300000)
  to   space 29696K, 0% used [0x00000000fe300000,0x00000000fe300000,0x0000000100000000)
 ParOldGen       total 224256K, used 224011K [0x00000000a0000000, 0x00000000adb00000, 0x00000000e0000000)
  object space 224256K, 99% used [0x00000000a0000000,0x00000000adac2c90,0x00000000adb00000)
 Metaspace       used 84380K, capacity 87428K, committed 87768K, reserved 1124352K
  class space    used 11232K, capacity 11964K, committed 11992K, reserved 1048576K

