# JRE version: OpenJDK Runtime Environment (8.0_202) (build 1.8.0_202-release-1483-b49-5587405)
# Java VM: OpenJDK 64-Bit Server VM (25.202-b49-5587405 mixed mode linux-amd64 compressed oops)
Heap:
 PSYoungGen      total 380416K, used 0K [0x00000000e0000000, 0x00000000ff000000, 0x0000000100000000)
  eden space 266240K, 0% used [0x00000000e0000000,0x00000000e0000000,0x00000000f0400000)
  from space 114176K, 0% used [0x00000000f8080000,0x00000000f8080000,0x00000000ff000000)
  to   space 120832K, 0% used [0x00000000f0400000,0x00000000f0400000,0x00000000f7a00000)
 ParOldGen       total 856064K, used 375301K [0x00000000a0000000, 0x00000000d4400000, 0x00000000e0000000)
  object space 856064K, 43% used [0x00000000a0000000,0x00000000b6e815b8,0x00000000d4400000)
 Metaspace       used 168819K, capacity 177527K, committed 188504K, reserved 1214464K
  class space    used 20659K, capacity 22195K, committed 24408K, reserved 1048576K
GC Heap History (10 events):
Event: 11717.176 GC heap after
Heap after GC invocations=212 (full 12):
 PSYoungGen      total 357888K, used 67254K [0x00000000e0000000, 0x00000000fed00000, 0x0000000100000000)
  eden space 215040K, 0% used [0x00000000e0000000,0x00000000e0000000,0x00000000ed200000)
  from space 142848K, 47% used [0x00000000f6180000,0x00000000fa32d948,0x00000000fed00000)
  to   space 144896K, 0% used [0x00000000ed200000,0x00000000ed200000,0x00000000f5f80000)
 ParOldGen       total 856064K, used 590659K [0x00000000a0000000, 0x00000000d4400000, 0x00000000e0000000)
  object space 856064K, 68% used [0x00000000a0000000,0x00000000c40d0f38,0x00000000d4400000)
 Metaspace       used 168817K, capacity 177527K, committed 188504K, reserved 1214464K
  class space    used 20659K, capacity 22195K, committed 24408K, reserved 1048576K
}
Event: 11717.276 GC heap before
{Heap before GC invocations=213 (full 12):
 PSYoungGen      total 357888K, used 282294K [0x00000000e0000000, 0x00000000fed00000, 0x0000000100000000)
  eden space 215040K, 100% used [0x00000000e0000000,0x00000000ed200000,0x00000000ed200000)
  from space 142848K, 47% used [0x00000000f6180000,0x00000000fa32d948,0x00000000fed00000)
  to   space 144896K, 0% used [0x00000000ed200000,0x00000000ed200000,0x00000000f5f80000)
 ParOldGen       total 856064K, used 590659K [0x00000000a0000000, 0x00000000d4400000, 0x00000000e0000000)
  object space 856064K, 68% used [0x00000000a0000000,0x00000000c40d0f38,0x00000000d4400000)
 Metaspace       used 168817K, capacity 177527K, committed 188504K, reserved 1214464K
  class space    used 20659K, capacity 22195K, committed 24408K, reserved 1048576K
Event: 11717.309 GC heap after
Heap after GC invocations=213 (full 12):
 PSYoungGen      total 359936K, used 53890K [0x00000000e0000000, 0x00000000ff300000, 0x0000000100000000)
  eden space 215040K, 0% used [0x00000000e0000000,0x00000000e0000000,0x00000000ed200000)
  from space 144896K, 37% used [0x00000000ed200000,0x00000000f06a0af0,0x00000000f5f80000)
  to   space 137216K, 0% used [0x00000000f6d00000,0x00000000f6d00000,0x00000000ff300000)
 ParOldGen       total 856064K, used 624357K [0x00000000a0000000, 0x00000000d4400000, 0x00000000e0000000)
  object space 856064K, 72% used [0x00000000a0000000,0x00000000c61b94a8,0x00000000d4400000)
 Metaspace       used 168817K, capacity 177527K, committed 188504K, reserved 1214464K
  class space    used 20659K, capacity 22195K, committed 24408K, reserved 1048576K
}
Event: 11717.376 GC heap before
{Heap before GC invocations=214 (full 12):
 PSYoungGen      total 359936K, used 268930K [0x00000000e0000000, 0x00000000ff300000, 0x0000000100000000)
  eden space 215040K, 100% used [0x00000000e0000000,0x00000000ed200000,0x00000000ed200000)
  from space 144896K, 37% used [0x00000000ed200000,0x00000000f06a0af0,0x00000000f5f80000)
  to   space 137216K, 0% used [0x00000000f6d00000,0x00000000f6d00000,0x00000000ff300000)
 ParOldGen       total 856064K, used 624357K [0x00000000a0000000, 0x00000000d4400000, 0x00000000e0000000)
  object space 856064K, 72% used [0x00000000a0000000,0x00000000c61b94a8,0x00000000d4400000)
 Metaspace       used 168817K, capacity 177527K, committed 188504K, reserved 1214464K
  class space    used 20659K, capacity 22195K, committed 24408K, reserved 1048576K
Event: 11717.427 GC heap after
Heap after GC invocations=214 (full 12):
 PSYoungGen      total 370688K, used 52780K [0x00000000e0000000, 0x00000000fea80000, 0x0000000100000000)
  eden space 242176K, 0% used [0x00000000e0000000,0x00000000e0000000,0x00000000eec80000)
  from space 128512K, 41% used [0x00000000f6d00000,0x00000000fa08b228,0x00000000fea80000)
  to   space 130048K, 0% used [0x00000000eec80000,0x00000000eec80000,0x00000000f6b80000)
 ParOldGen       total 856064K, used 676379K [0x00000000a0000000, 0x00000000d4400000, 0x00000000e0000000)
  object space 856064K, 79% used [0x00000000a0000000,0x00000000c9486fe8,0x00000000d4400000)
 Metaspace       used 168817K, capacity 177527K, committed 188504K, reserved 1214464K
  class space    used 20659K, capacity 22195K, committed 24408K, reserved 1048576K
}
Event: 11717.526 GC heap before
{Heap before GC invocations=215 (full 12):
 PSYoungGen      total 370688K, used 294956K [0x00000000e0000000, 0x00000000fea80000, 0x0000000100000000)
  eden space 242176K, 100% used [0x00000000e0000000,0x00000000eec80000,0x00000000eec80000)
  from space 128512K, 41% used [0x00000000f6d00000,0x00000000fa08b228,0x00000000fea80000)
  to   space 130048K, 0% used [0x00000000eec80000,0x00000000eec80000,0x00000000f6b80000)
 ParOldGen       total 856064K, used 676379K [0x00000000a0000000, 0x00000000d4400000, 0x00000000e0000000)
  object space 856064K, 79% used [0x00000000a0000000,0x00000000c9486fe8,0x00000000d4400000)
 Metaspace       used 168817K, capacity 177527K, committed 188504K, reserved 1214464K
  class space    used 20659K, capacity 22195K, committed 24408K, reserved 1048576K
Event: 11717.582 GC heap after
Heap after GC invocations=215 (full 12):
 PSYoungGen      total 372224K, used 65939K [0x00000000e0000000, 0x00000000ffd80000, 0x0000000100000000)
  eden space 242176K, 0% used [0x00000000e0000000,0x00000000e0000000,0x00000000eec80000)
  from space 130048K, 50% used [0x00000000eec80000,0x00000000f2ce4d80,0x00000000f6b80000)
  to   space 128000K, 0% used [0x00000000f8080000,0x00000000f8080000,0x00000000ffd80000)
 ParOldGen       total 856064K, used 727871K [0x00000000a0000000, 0x00000000d4400000, 0x00000000e0000000)
  object space 856064K, 85% used [0x00000000a0000000,0x00000000cc6cfc48,0x00000000d4400000)
 Metaspace       used 168817K, capacity 177527K, committed 188504K, reserved 1214464K
  class space    used 20659K, capacity 22195K, committed 24408K, reserved 1048576K
}
Event: 11717.997 GC heap before
{Heap before GC invocations=216 (full 12):
 PSYoungGen      total 372224K, used 308115K [0x00000000e0000000, 0x00000000ffd80000, 0x0000000100000000)
  eden space 242176K, 100% used [0x00000000e0000000,0x00000000eec80000,0x00000000eec80000)
  from space 130048K, 50% used [0x00000000eec80000,0x00000000f2ce4d80,0x00000000f6b80000)
  to   space 128000K, 0% used [0x00000000f8080000,0x00000000f8080000,0x00000000ffd80000)
 ParOldGen       total 856064K, used 727871K [0x00000000a0000000, 0x00000000d4400000, 0x00000000e0000000)
  object space 856064K, 85% used [0x00000000a0000000,0x00000000cc6cfc48,0x00000000d4400000)
 Metaspace       used 168819K, capacity 177527K, committed 188504K, reserved 1214464K
  class space    used 20659K, capacity 22195K, committed 24408K, reserved 1048576K
Event: 11718.053 GC heap after
Heap after GC invocations=216 (full 12):
 PSYoungGen      total 380416K, used 46196K [0x00000000e0000000, 0x00000000ff000000, 0x0000000100000000)
  eden space 266240K, 0% used [0x00000000e0000000,0x00000000e0000000,0x00000000f0400000)
  from space 114176K, 40% used [0x00000000f8080000,0x00000000fad9d238,0x00000000ff000000)
  to   space 120832K, 0% used [0x00000000f0400000,0x00000000f0400000,0x00000000f7a00000)
 ParOldGen       total 856064K, used 793190K [0x00000000a0000000, 0x00000000d4400000, 0x00000000e0000000)
  object space 856064K, 92% used [0x00000000a0000000,0x00000000d0699870,0x00000000d4400000)
 Metaspace       used 168819K, capacity 177527K, committed 188504K, reserved 1214464K
  class space    used 20659K, capacity 22195K, committed 24408K, reserved 1048576K
}
Event: 11718.054 GC heap before
{Heap before GC invocations=217 (full 13):
 PSYoungGen      total 380416K, used 46196K [0x00000000e0000000, 0x00000000ff000000, 0x0000000100000000)
  eden space 266240K, 0% used [0x00000000e0000000,0x00000000e0000000,0x00000000f0400000)
  from space 114176K, 40% used [0x00000000f8080000,0x00000000fad9d238,0x00000000ff000000)
  to   space 120832K, 0% used [0x00000000f0400000,0x00000000f0400000,0x00000000f7a00000)
 ParOldGen       total 856064K, used 793190K [0x00000000a0000000, 0x00000000d4400000, 0x00000000e0000000)
  object space 856064K, 92% used [0x00000000a0000000,0x00000000d0699870,0x00000000d4400000)
 Metaspace       used 168819K, capacity 177527K, committed 188504K, reserved 1214464K
  class space    used 20659K, capacity 22195K, committed 24408K, reserved 1048576K

