# JRE version: OpenJDK Runtime Environment (8.0_252-b09) (build 1.8.0_252-8u252-b09-1~16.04-b09)
# Java VM: OpenJDK 64-Bit Server VM (25.252-b09 mixed mode linux-amd64 compressed oops)
Heap:
 PSYoungGen      total 352256K, used 0K [0x00000000e0000000, 0x0000000100000000, 0x0000000100000000)
  eden space 326656K, 0% used [0x00000000e0000000,0x00000000e0000000,0x00000000f3f00000)
  from space 25600K, 0% used [0x00000000fe700000,0x00000000fe700000,0x0000000100000000)
  to   space 98816K, 0% used [0x00000000f3f00000,0x00000000f3f00000,0x00000000f9f80000)
 ParOldGen       total 492032K, used 275681K [0x00000000a0000000, 0x00000000be080000, 0x00000000e0000000)
  object space 492032K, 56% used [0x00000000a0000000,0x00000000b0d38580,0x00000000be080000)
 Metaspace       used 85756K, capacity 89342K, committed 89984K, reserved 1126400K
  class space    used 11466K, capacity 12201K, committed 12416K, reserved 1048576K
GC Heap History (10 events):
Event: 37.966 GC heap after
Heap after GC invocations=79 (full 5):
 PSYoungGen      total 496640K, used 8480K [0x00000000e0000000, 0x00000000ffe00000, 0x0000000100000000)
  eden space 473088K, 0% used [0x00000000e0000000,0x00000000e0000000,0x00000000fce00000)
  from space 23552K, 36% used [0x00000000fe700000,0x00000000fef48000,0x00000000ffe00000)
  to   space 24576K, 0% used [0x00000000fce00000,0x00000000fce00000,0x00000000fe600000)
 ParOldGen       total 492032K, used 271535K [0x00000000a0000000, 0x00000000be080000, 0x00000000e0000000)
  object space 492032K, 55% used [0x00000000a0000000,0x00000000b092be48,0x00000000be080000)
 Metaspace       used 83012K, capacity 86424K, committed 87296K, reserved 1124352K
  class space    used 11134K, capacity 11868K, committed 12032K, reserved 1048576K
}
Event: 38.504 GC heap before
{Heap before GC invocations=80 (full 5):
 PSYoungGen      total 496640K, used 481568K [0x00000000e0000000, 0x00000000ffe00000, 0x0000000100000000)
  eden space 473088K, 100% used [0x00000000e0000000,0x00000000fce00000,0x00000000fce00000)
  from space 23552K, 36% used [0x00000000fe700000,0x00000000fef48000,0x00000000ffe00000)
  to   space 24576K, 0% used [0x00000000fce00000,0x00000000fce00000,0x00000000fe600000)
 ParOldGen       total 492032K, used 271535K [0x00000000a0000000, 0x00000000be080000, 0x00000000e0000000)
  object space 492032K, 55% used [0x00000000a0000000,0x00000000b092be48,0x00000000be080000)
 Metaspace       used 83012K, capacity 86424K, committed 87296K, reserved 1124352K
  class space    used 11134K, capacity 11868K, committed 12032K, reserved 1048576K
Event: 38.520 GC heap after
Heap after GC invocations=80 (full 5):
 PSYoungGen      total 497664K, used 6560K [0x00000000e0000000, 0x0000000100000000, 0x0000000100000000)
  eden space 473088K, 0% used [0x00000000e0000000,0x00000000e0000000,0x00000000fce00000)
  from space 24576K, 26% used [0x00000000fce00000,0x00000000fd468000,0x00000000fe600000)
  to   space 24064K, 0% used [0x00000000fe880000,0x00000000fe880000,0x0000000100000000)
 ParOldGen       total 492032K, used 277934K [0x00000000a0000000, 0x00000000be080000, 0x00000000e0000000)
  object space 492032K, 56% used [0x00000000a0000000,0x00000000b0f6b9b0,0x00000000be080000)
 Metaspace       used 83012K, capacity 86424K, committed 87296K, reserved 1124352K
  class space    used 11134K, capacity 11868K, committed 12032K, reserved 1048576K
}
Event: 39.309 GC heap before
{Heap before GC invocations=81 (full 5):
 PSYoungGen      total 497664K, used 479648K [0x00000000e0000000, 0x0000000100000000, 0x0000000100000000)
  eden space 473088K, 100% used [0x00000000e0000000,0x00000000fce00000,0x00000000fce00000)
  from space 24576K, 26% used [0x00000000fce00000,0x00000000fd468000,0x00000000fe600000)
  to   space 24064K, 0% used [0x00000000fe880000,0x00000000fe880000,0x0000000100000000)
 ParOldGen       total 492032K, used 277934K [0x00000000a0000000, 0x00000000be080000, 0x00000000e0000000)
  object space 492032K, 56% used [0x00000000a0000000,0x00000000b0f6b9b0,0x00000000be080000)
 Metaspace       used 83016K, capacity 86424K, committed 87296K, reserved 1124352K
  class space    used 11134K, capacity 11868K, committed 12032K, reserved 1048576K
Event: 39.339 GC heap after
Heap after GC invocations=81 (full 5):
 PSYoungGen      total 497152K, used 11759K [0x00000000e0000000, 0x00000000ffd80000, 0x0000000100000000)
  eden space 475648K, 0% used [0x00000000e0000000,0x00000000e0000000,0x00000000fd080000)
  from space 21504K, 54% used [0x00000000fe880000,0x00000000ff3fbc28,0x00000000ffd80000)
  to   space 23040K, 0% used [0x00000000fd080000,0x00000000fd080000,0x00000000fe700000)
 ParOldGen       total 492032K, used 283494K [0x00000000a0000000, 0x00000000be080000, 0x00000000e0000000)
  object space 492032K, 57% used [0x00000000a0000000,0x00000000b14d9a40,0x00000000be080000)
 Metaspace       used 83016K, capacity 86424K, committed 87296K, reserved 1124352K
  class space    used 11134K, capacity 11868K, committed 12032K, reserved 1048576K
}
Event: 42.269 GC heap before
{Heap before GC invocations=82 (full 5):
 PSYoungGen      total 497152K, used 487260K [0x00000000e0000000, 0x00000000ffd80000, 0x0000000100000000)
  eden space 475648K, 99% used [0x00000000e0000000,0x00000000fd05b6c0,0x00000000fd080000)
  from space 21504K, 54% used [0x00000000fe880000,0x00000000ff3fbc28,0x00000000ffd80000)
  to   space 23040K, 0% used [0x00000000fd080000,0x00000000fd080000,0x00000000fe700000)
 ParOldGen       total 492032K, used 283494K [0x00000000a0000000, 0x00000000be080000, 0x00000000e0000000)
  object space 492032K, 57% used [0x00000000a0000000,0x00000000b14d9a40,0x00000000be080000)
 Metaspace       used 83241K, capacity 86654K, committed 87552K, reserved 1124352K
  class space    used 11160K, capacity 11875K, committed 12032K, reserved 1048576K
Event: 42.318 GC heap after
Heap after GC invocations=82 (full 5):
 PSYoungGen      total 498688K, used 23031K [0x00000000e0000000, 0x0000000100000000, 0x0000000100000000)
  eden space 475648K, 0% used [0x00000000e0000000,0x00000000e0000000,0x00000000fd080000)
  from space 23040K, 99% used [0x00000000fd080000,0x00000000fe6fdc38,0x00000000fe700000)
  to   space 25600K, 0% used [0x00000000fe700000,0x00000000fe700000,0x0000000100000000)
 ParOldGen       total 492032K, used 302979K [0x00000000a0000000, 0x00000000be080000, 0x00000000e0000000)
  object space 492032K, 61% used [0x00000000a0000000,0x00000000b27e0c10,0x00000000be080000)
 Metaspace       used 83241K, capacity 86654K, committed 87552K, reserved 1124352K
  class space    used 11160K, capacity 11875K, committed 12032K, reserved 1048576K
}
Event: 46.802 GC heap before
{Heap before GC invocations=83 (full 5):
 PSYoungGen      total 498688K, used 498679K [0x00000000e0000000, 0x0000000100000000, 0x0000000100000000)
  eden space 475648K, 100% used [0x00000000e0000000,0x00000000fd080000,0x00000000fd080000)
  from space 23040K, 99% used [0x00000000fd080000,0x00000000fe6fdc38,0x00000000fe700000)
  to   space 25600K, 0% used [0x00000000fe700000,0x00000000fe700000,0x0000000100000000)
 ParOldGen       total 492032K, used 302979K [0x00000000a0000000, 0x00000000be080000, 0x00000000e0000000)
  object space 492032K, 61% used [0x00000000a0000000,0x00000000b27e0c10,0x00000000be080000)
 Metaspace       used 85756K, capacity 89342K, committed 89984K, reserved 1126400K
  class space    used 11466K, capacity 12201K, committed 12416K, reserved 1048576K
Event: 47.171 GC heap after
Heap after GC invocations=83 (full 5):
 PSYoungGen      total 352256K, used 25591K [0x00000000e0000000, 0x0000000100000000, 0x0000000100000000)
  eden space 326656K, 0% used [0x00000000e0000000,0x00000000e0000000,0x00000000f3f00000)
  from space 25600K, 99% used [0x00000000fe700000,0x00000000ffffddb8,0x0000000100000000)
  to   space 98816K, 0% used [0x00000000f3f00000,0x00000000f3f00000,0x00000000f9f80000)
 ParOldGen       total 492032K, used 474067K [0x00000000a0000000, 0x00000000be080000, 0x00000000e0000000)
  object space 492032K, 96% used [0x00000000a0000000,0x00000000bcef4c50,0x00000000be080000)
 Metaspace       used 85756K, capacity 89342K, committed 89984K, reserved 1126400K
  class space    used 11466K, capacity 12201K, committed 12416K, reserved 1048576K
}
Event: 47.172 GC heap before
{Heap before GC invocations=84 (full 6):
 PSYoungGen      total 352256K, used 25591K [0x00000000e0000000, 0x0000000100000000, 0x0000000100000000)
  eden space 326656K, 0% used [0x00000000e0000000,0x00000000e0000000,0x00000000f3f00000)
  from space 25600K, 99% used [0x00000000fe700000,0x00000000ffffddb8,0x0000000100000000)
  to   space 98816K, 0% used [0x00000000f3f00000,0x00000000f3f00000,0x00000000f9f80000)
 ParOldGen       total 492032K, used 474067K [0x00000000a0000000, 0x00000000be080000, 0x00000000e0000000)
  object space 492032K, 96% used [0x00000000a0000000,0x00000000bcef4c50,0x00000000be080000)
 Metaspace       used 85756K, capacity 89342K, committed 89984K, reserved 1126400K
  class space    used 11466K, capacity 12201K, committed 12416K, reserved 1048576K

